{"/Users/jeron_diovis/dev/projects/own/vite-split-config/src/index.ts": {"path":"/Users/jeron_diovis/dev/projects/own/vite-split-config/src/index.ts","all":false,"statementMap":{"0":{"start":{"line":1,"column":0},"end":{"line":1,"column":76}},"1":{"start":{"line":2,"column":0},"end":{"line":2,"column":0}},"2":{"start":{"line":3,"column":0},"end":{"line":3,"column":8}},"3":{"start":{"line":4,"column":0},"end":{"line":4,"column":13}},"4":{"start":{"line":5,"column":0},"end":{"line":5,"column":12}},"5":{"start":{"line":6,"column":0},"end":{"line":6,"column":15}},"6":{"start":{"line":7,"column":0},"end":{"line":7,"column":22}},"7":{"start":{"line":8,"column":0},"end":{"line":8,"column":18}},"8":{"start":{"line":9,"column":0},"end":{"line":9,"column":0}},"9":{"start":{"line":10,"column":0},"end":{"line":10,"column":42}},"10":{"start":{"line":11,"column":0},"end":{"line":11,"column":0}},"11":{"start":{"line":12,"column":0},"end":{"line":12,"column":62}},"12":{"start":{"line":13,"column":0},"end":{"line":13,"column":74}},"13":{"start":{"line":14,"column":0},"end":{"line":14,"column":59}},"14":{"start":{"line":15,"column":0},"end":{"line":15,"column":0}},"15":{"start":{"line":16,"column":0},"end":{"line":16,"column":76}},"16":{"start":{"line":17,"column":0},"end":{"line":17,"column":0}},"17":{"start":{"line":18,"column":0},"end":{"line":18,"column":25}},"18":{"start":{"line":19,"column":0},"end":{"line":19,"column":23}},"19":{"start":{"line":20,"column":0},"end":{"line":20,"column":47}},"20":{"start":{"line":21,"column":0},"end":{"line":21,"column":0}},"21":{"start":{"line":22,"column":0},"end":{"line":22,"column":6}},"22":{"start":{"line":23,"column":0},"end":{"line":23,"column":0}},"23":{"start":{"line":24,"column":0},"end":{"line":24,"column":53}},"24":{"start":{"line":25,"column":0},"end":{"line":25,"column":12}},"25":{"start":{"line":26,"column":0},"end":{"line":26,"column":36}},"26":{"start":{"line":27,"column":0},"end":{"line":27,"column":24}},"27":{"start":{"line":28,"column":0},"end":{"line":28,"column":27}},"28":{"start":{"line":29,"column":0},"end":{"line":29,"column":28}},"29":{"start":{"line":30,"column":0},"end":{"line":30,"column":13}},"30":{"start":{"line":31,"column":0},"end":{"line":31,"column":82}},"31":{"start":{"line":32,"column":0},"end":{"line":32,"column":117}},"32":{"start":{"line":33,"column":0},"end":{"line":33,"column":59}},"33":{"start":{"line":34,"column":0},"end":{"line":34,"column":147}},"34":{"start":{"line":35,"column":0},"end":{"line":35,"column":13}},"35":{"start":{"line":36,"column":0},"end":{"line":36,"column":15}},"36":{"start":{"line":37,"column":0},"end":{"line":37,"column":58}},"37":{"start":{"line":38,"column":0},"end":{"line":38,"column":1}},"38":{"start":{"line":39,"column":0},"end":{"line":39,"column":0}},"39":{"start":{"line":40,"column":0},"end":{"line":40,"column":69}},"40":{"start":{"line":41,"column":0},"end":{"line":41,"column":60}},"41":{"start":{"line":42,"column":0},"end":{"line":42,"column":52}},"42":{"start":{"line":43,"column":0},"end":{"line":43,"column":1}},"43":{"start":{"line":44,"column":0},"end":{"line":44,"column":0}},"44":{"start":{"line":45,"column":0},"end":{"line":45,"column":57}},"45":{"start":{"line":46,"column":0},"end":{"line":46,"column":13}},"46":{"start":{"line":47,"column":0},"end":{"line":47,"column":48}},"47":{"start":{"line":48,"column":0},"end":{"line":48,"column":39}},"48":{"start":{"line":49,"column":0},"end":{"line":49,"column":3}}},"s":{"0":1,"1":1,"2":1,"3":1,"4":1,"5":1,"6":1,"7":1,"8":1,"9":1,"10":1,"11":1,"12":1,"13":1,"14":1,"15":1,"16":1,"17":1,"18":1,"19":1,"20":1,"21":1,"22":1,"23":1,"24":1,"25":1,"26":26,"27":7,"28":4,"29":3,"30":3,"31":3,"32":3,"33":3,"34":3,"35":3,"36":19,"37":6,"38":1,"39":1,"40":11,"41":11,"42":12,"43":1,"44":1,"45":5,"46":5,"47":5,"48":5},"branchMap":{"0":{"type":"branch","line":26,"loc":{"start":{"line":26,"column":2},"end":{"line":37,"column":58}},"locations":[{"start":{"line":26,"column":2},"end":{"line":37,"column":58}}]},"1":{"type":"branch","line":27,"loc":{"start":{"line":27,"column":23},"end":{"line":36,"column":15}},"locations":[{"start":{"line":27,"column":23},"end":{"line":36,"column":15}}]},"2":{"type":"branch","line":28,"loc":{"start":{"line":28,"column":26},"end":{"line":29,"column":28}},"locations":[{"start":{"line":28,"column":26},"end":{"line":29,"column":28}}]},"3":{"type":"branch","line":29,"loc":{"start":{"line":29,"column":27},"end":{"line":36,"column":15}},"locations":[{"start":{"line":29,"column":27},"end":{"line":36,"column":15}}]},"4":{"type":"branch","line":36,"loc":{"start":{"line":36,"column":10},"end":{"line":37,"column":58}},"locations":[{"start":{"line":36,"column":10},"end":{"line":37,"column":58}}]},"5":{"type":"branch","line":38,"loc":{"start":{"line":38,"column":0},"end":{"line":38,"column":1}},"locations":[{"start":{"line":38,"column":0},"end":{"line":38,"column":1}}]},"6":{"type":"branch","line":40,"loc":{"start":{"line":40,"column":40},"end":{"line":43,"column":1}},"locations":[{"start":{"line":40,"column":40},"end":{"line":43,"column":1}}]},"7":{"type":"branch","line":40,"loc":{"start":{"line":40,"column":47},"end":{"line":43,"column":1}},"locations":[{"start":{"line":40,"column":47},"end":{"line":43,"column":1}}]},"8":{"type":"branch","line":41,"loc":{"start":{"line":41,"column":35},"end":{"line":41,"column":56}},"locations":[{"start":{"line":41,"column":35},"end":{"line":41,"column":56}}]},"9":{"type":"branch","line":41,"loc":{"start":{"line":41,"column":52},"end":{"line":41,"column":60}},"locations":[{"start":{"line":41,"column":52},"end":{"line":41,"column":60}}]},"10":{"type":"branch","line":42,"loc":{"start":{"line":42,"column":17},"end":{"line":42,"column":36}},"locations":[{"start":{"line":42,"column":17},"end":{"line":42,"column":36}}]},"11":{"type":"branch","line":42,"loc":{"start":{"line":42,"column":29},"end":{"line":42,"column":52}},"locations":[{"start":{"line":42,"column":29},"end":{"line":42,"column":52}}]},"12":{"type":"branch","line":43,"loc":{"start":{"line":43,"column":0},"end":{"line":43,"column":1}},"locations":[{"start":{"line":43,"column":0},"end":{"line":43,"column":1}}]},"13":{"type":"branch","line":45,"loc":{"start":{"line":45,"column":36},"end":{"line":49,"column":3}},"locations":[{"start":{"line":45,"column":36},"end":{"line":49,"column":3}}]},"14":{"type":"branch","line":45,"loc":{"start":{"line":45,"column":43},"end":{"line":49,"column":3}},"locations":[{"start":{"line":45,"column":43},"end":{"line":49,"column":3}}]},"15":{"type":"branch","line":45,"loc":{"start":{"line":45,"column":51},"end":{"line":49,"column":3}},"locations":[{"start":{"line":45,"column":51},"end":{"line":49,"column":3}}]},"16":{"type":"branch","line":48,"loc":{"start":{"line":48,"column":19},"end":{"line":48,"column":35}},"locations":[{"start":{"line":48,"column":19},"end":{"line":48,"column":35}}]},"17":{"type":"branch","line":48,"loc":{"start":{"line":48,"column":31},"end":{"line":48,"column":39}},"locations":[{"start":{"line":48,"column":31},"end":{"line":48,"column":39}}]},"18":{"type":"branch","line":47,"loc":{"start":{"line":47,"column":4},"end":{"line":47,"column":48}},"locations":[{"start":{"line":47,"column":4},"end":{"line":47,"column":48}}]},"19":{"type":"branch","line":49,"loc":{"start":{"line":49,"column":2},"end":{"line":49,"column":3}},"locations":[{"start":{"line":49,"column":2},"end":{"line":49,"column":3}}]}},"b":{"0":[26],"1":[7],"2":[4],"3":[3],"4":[19],"5":[6],"6":[12],"7":[11],"8":[5],"9":[6],"10":[1],"11":[10],"12":[12],"13":[5],"14":[5],"15":[5],"16":[1],"17":[4],"18":[3],"19":[5]},"fnMap":{"0":{"name":"get","decl":{"start":{"line":38,"column":0},"end":{"line":38,"column":1}},"loc":{"start":{"line":38,"column":0},"end":{"line":38,"column":1}},"line":38},"1":{"name":"defineChunk","decl":{"start":{"line":40,"column":40},"end":{"line":43,"column":1}},"loc":{"start":{"line":40,"column":40},"end":{"line":43,"column":1}},"line":40},"2":{"name":"get","decl":{"start":{"line":43,"column":0},"end":{"line":43,"column":1}},"loc":{"start":{"line":43,"column":0},"end":{"line":43,"column":1}},"line":43},"3":{"name":"useChunks","decl":{"start":{"line":45,"column":36},"end":{"line":49,"column":3}},"loc":{"start":{"line":45,"column":36},"end":{"line":49,"column":3}},"line":45},"4":{"name":"get","decl":{"start":{"line":49,"column":2},"end":{"line":49,"column":3}},"loc":{"start":{"line":49,"column":2},"end":{"line":49,"column":3}},"line":49}},"f":{"0":6,"1":12,"2":12,"3":5,"4":5}}
}
